###############################################################################
#                                                                             #
# NutStudio RPN compiler for Nut, version 3.0.2         07/Mar/2018  21:40:55 #
#                                                                             #
# Command Line: -l -I../module-descriptor CREATE.rpn                          #
#                                                                             #
###############################################################################

0000                    .section FAT
0000 ......             .fatrpn `-CREATE`
0002 ......             .fatrpn `-UPGRD`
0000                    .section RPN
0000 031270             ;; COPY header
0002 1c6000               01 LBL "-CREATE"
0004 0f8000
0006 02d043
0008 052045
000a 041054
000c 045
000d 1f604e               02 "NAME? "
000f 04104d
0011 04503f
0013 020
0014 ......               03 APRMT
0016 19a000               04 ASTO 00
0018 113                  05 3
0019 133                  06 STO 03
001a 116                  07 6
001b 131                  08 STO 01
001c 1a800b               09 SF 11
001e 1c0004               10 LBL "-UPGRD"
0020 0f7000
0022 02d055
0024 050047
0026 052044
0028 101                  11 LBL 00
0029 ......               12 XROM "-SHOW"
002b 19f009               13 TONE 09
002d 18e                  14 PROMPT
002e 1cf06b               15 LBL F
0030 1a900b               16 CF 11
0032 11d0f6               17 GTO "-ARENA"
0034 02d041
0036 052045
0038 04e041
003a 1cf066               18 LBL A
003c 113                  19 3
003d 000
003e 111                  20 1
003f 1b20d3               21 GTO 01
0041 1cf07b               22 LBL a
0043 1ad00b               23 FC? 11
0045 1b101f               24 GTO 00
0047 123                  25 RCL 03
0048 113                  26 3
0049 178                  27 X=Y?
004a 1b1024               28 GTO 00
004c 11c011               29 -1
004e 1b20c4               30 GTO 01
0050 1cf067               31 LBL B
0052 114                  32 4
0053 000
0054 111                  33 1
0055 1b20bd               34 GTO 01
0057 1cf07c               35 LBL b
0059 1ad00b               36 FC? 11
005b 1b1035               37 GTO 00
005d 114                  38 4
005e 000
005f 11c011               39 -1
0061 1b20b1               40 GTO 01
0063 1cf068               41 LBL C
0065 115                  42 5
0066 000
0067 111                  43 1
0068 1b20aa               44 GTO 01
006a 1cf07d               45 LBL c
006c 1ad00b               46 FC? 11
006e 1b1048               47 GTO 00
0070 115                  48 5
0071 000
0072 11c011               49 -1
0074 1b209e               50 GTO 01
0076 1cf069               51 LBL D
0078 116                  52 6
0079 000
007a 111                  53 1
007b 1b2097               54 GTO 01
007d 1cf07e               55 LBL d
007f 116                  56 6
0080 000
0081 11c011               57 -1
0083 1b208f               58 GTO 01
0085 1cf06a               59 LBL E
0087 117                  60 7
0088 000
0089 112                  61 2
008a 1b2088               62 GTO 01
008c 1cf07f               63 LBL e
008e 117                  64 7
008f 000
0090 11c012               65 -2
0092 1b2080               66 GTO 01
0094 102                  67 LBL 01
0095 13d                  68 STO 13
0096 121                  69 RCL 01
0097 144                  70 X<Y?
0098 1b1072               71 GTO 00
009a 175                  72 RDN
009b 17a                  73 SIGN
009c 1900f2               74 RCL IND Y
009e 140                  75 +
009f 166                  76 X<0?
00a0 1b107a               77 GTO 00
00a2 1910f2               78 STO IND Y
00a4 175                  79 RDN
00a5 12d                  80 RCL 13
00a6 193001               81 ST- 01
00a8 175                  82 RDN
00a9 116                  83 6
00aa 141                  84 -
00ab 166                  85 X<0?
00ac 1d0085               86 GTO 00
00ae 000
00af 167                  87 X=0?
00b0 1b60b9               88 GTO 05
00b2 127                  89 RCL 07
00b3 1fb04e               90 "NO ARMOR: 0"
00b5 04f020
00b7 041052
00b9 04d04f
00bb 05203a
00bd 020030
00bf 111                  91 1
00c0 141                  92 -
00c1 167                  93 X=0?
00c2 1fa04c               94 "LEATHER: 1"
00c4 045041
00c6 054048
00c8 045052
00ca 03a020
00cc 031
00cd 111                  95 1
00ce 141                  96 -
00cf 167                  97 X=0?
00d0 1f9052               98 "RINGED: 2"
00d2 04904e
00d4 047045
00d6 04403a
00d8 020032
00da 111                  99 1
00db 141                 100 -
00dc 167                 101 X=0?
00dd 1f8043              102 "CHAIN: 3"
00df 048041
00e1 04904e
00e3 03a020
00e5 033
00e6 17e                 103 AVIEW
00e7 189                 104 PSE
00e8 1d00c1              105 GTO 00
00ea 000
00eb 106                 106 LBL 05
00ec 124                 107 RCL 04
00ed 126                 108 RCL 06
00ee 145                 109 X>Y?
00ef 1b70d0              110 GTO 06
00f1 1fe055              111 "UNARM:-2,-2,-2"
00f3 04e041
00f5 05204d
00f7 03a02d
00f9 03202c
00fb 02d032
00fd 02c02d
00ff 032
0100 111                 112 1
0101 141                 113 -
0102 167                 114 X=0?
0103 1fb032              115 "2*KNF:0,0,0"
0105 02a04b
0107 04e046
0109 03a030
010b 02c030
010d 02c030
010f 111                 116 1
0110 141                 117 -
0111 167                 118 X=0?
0112 1fb053              119 "SPEAR:1,2,0"
0114 050045
0116 041052
0118 03a031
011a 02c032
011c 02c030
011e 111                 120 1
011f 141                 121 -
0120 167                 122 X=0?
0121 1fb053              123 "SW&SH:1,2,1"
0123 057026
0125 053048
0127 03a031
0129 02c032
012b 02c031
012d 111                 124 1
012e 141                 125 -
012f 167                 126 X=0?
0130 1fb047              127 "GRAXE:0,2,0"
0132 052041
0134 058045
0136 03a030
0138 02c032
013a 02c030
013c 17e                 128 AVIEW
013d 189                 129 PSE
013e 1d1017              130 GTO 00
0140 000
0141 107                 131 LBL 06
0142 111                 132 1
0143 193006              133 ST- 06
0145 192001              134 ST+ 01
0147 1f9041              135 "ADD POWER"
0149 044044
014b 020050
014d 04f057
014f 045052
0151 17e                 136 AVIEW
0152 189                 137 PSE
0153 1d102c              138 GTO 00
0155 000
0156 1c802c              139 END
0158 22f

##########################
#                        #
# Memory sizes (decimal) #
#                        #
##########################

Executable      (Text): 349 words
