###############################################################################
#                                                                             #
# NutStudio RPN compiler for Nut, version 3.0.2         04/Mar/2018  20:19:01 #
#                                                                             #
# Command Line: -l -I../module-descriptor D6.rpn                              #
#                                                                             #
###############################################################################

0000                    .section FAT
0000 ......             .fatrpn D6
0000                    .section RPN
0000 006240             ;; COPY header
0002 1cc000               01 LBL "D6"
0004 0f3000
0006 044036
0008 1a8019               02 SF 25
000a 1a608c               03 DATE
000c 1ac019               04 FS? 25
000e 1a609c               05 TIME
0010 1ad019               06 FC? 25
0012 11b012               07  E2
0014 1ab019               08 FC?C 25
0016 142                  09 *
0017 140                  10 +
0018 11b014               11  E49
001a 019
001b 142                  12 *
001c 172                  13 PI
001d 14b                  14 MOD
001e 165                  15 LN1+X
001f 16b                  16 R-D
0020 169                  17 FRC
0021 116                  18 6
0022 142                  19 *
0023 168                  20 INT
0024 111                  21 1
0025 140                  22 +
0026 1c2005               23 END
0028 22f

##########################
#                        #
# Memory sizes (decimal) #
#                        #
##########################

Executable      (Text): 43 words
