###############################################################################
#                                                                             #
# NutStudio RPN compiler for Nut, version 3.0.2         07/Mar/2018  21:40:55 #
#                                                                             #
# Command Line: -l -I../module-descriptor FIGHT.rpn                           #
#                                                                             #
###############################################################################

0000                    .section FAT
0000 ......             .fatrpn `-FIGHT`
0000                    .section RPN
0000 074230             ;; COPY header
0002 1c0001               01 LBL "-FIGHT"
0004 0f7000
0006 02d046
0008 049047
000a 048054
000c 123                  02 RCL 03
000d 13d                  03 STO 13
000e 124                  04 RCL 04
000f 191010               05 STO 16
0011 127                  06 RCL 07
0012 191011               07 STO 17
0014 128                  08 RCL 08
0015 191012               09 STO 18
0017 129                  10 RCL 09
0018 191015               11 STO 21
001a 12c                  12 RCL 12
001b 191016               13 STO 22
001d 101                  14 LBL 00
001e 1a9005               15 CF 05
0020 1a9006               16 CF 06
0022 1a9007               17 CF 07
0024 1a9008               18 CF 08
0026 125                  19 RCL 05
0027 13e                  20 STO 14
0028 13f                  21 STO 15
0029 12a                  22 RCL 10
002a 191013               23 STO 19
002c 191014               24 STO 20
002e 116                  25 6
002f 1e001c               26 XEQ 02
0031 082
0032 111011               27 11
0034 1e0017               28 XEQ 02
0036 082
0037 102                  29 LBL 01
0038 1a9009               30 CF 09
003a 19f007               31 TONE 07
003c 1fc04e               32 "NPC PC O D N"
003e 050043
0040 020050
0042 043020
0044 04f020
0046 044020
0048 04e
0049 18e                  33 PROMPT
004a 1b2015               34 GTO 01
004c 103                  35 LBL 02
004d 191017               36 STO 23
004f 190097               37 RCL IND 23
0051 118                  38 8
0052 192017               39 ST+ 23
0054 175                  40 RDN
0055 167                  41 X=0?
0056 1b4095               42 GTO 03
0058 111                  43 1
0059 141                  44 -
005a 167                  45 X=0?
005b 185                  46 RTN
005c 111                  47 1
005d 141                  48 -
005e 167                  49 X=0?
005f 1b5097               50 GTO 04
0061 111                  51 1
0062 141                  52 -
0063 167                  53 X=0?
0064 1b609a               54 GTO 05
0066 113                  55 3
0067 000
0068 112                  56 2
0069 000
006a 110                  57 0
006b 1b7099               58 GTO 06
006d 104                  59 LBL 03
006e 11c012               60 -2
0070 000
0071 11c012               61 -2
0073 000
0074 11c012               62 -2
0076 1b708e               63 GTO 06
0078 105                  64 LBL 04
0079 110                  65 0
007a 000
007b 112                  66 2
007c 000
007d 111                  67 1
007e 1b7086               68 GTO 06
0080 106                  69 LBL 05
0081 111                  70 1
0082 000
0083 112                  71 2
0084 000
0085 111                  72 1
0086 107                  73 LBL 06
0087 192097               74 ST+ IND 23
0089 175                  75 RDN
008a 111                  76 1
008b 192017               77 ST+ 23
008d 175                  78 RDN
008e 192097               79 ST+ IND 23
0090 175                  80 RDN
0091 111                  81 1
0092 192017               82 ST+ 23
0094 175                  83 RDN
0095 192097               84 ST+ IND 23
0097 185                  85 RTN
0098 1cf066               86 LBL A
009a ......               87 XROM "-NSHOW"
009c 1b2067               88 GTO 01
009e 1cf067               89 LBL B
00a0 ......               90 XROM "-SHOW"
00a2 17e                  91 AVIEW
00a3 189                  92 PSE
00a4 189                  93 PSE
00a5 1b2070               94 GTO 01
00a7 1cf068               95 LBL C
00a9 112                  96 2
00aa 19200e               97 ST+ 14
00ac 113                  98 3
00ad 19300f               99 ST- 15
00af 1d000a              100 GTO E
00b1 0ea
00b2 1cf069              101 LBL D
00b4 113                 102 3
00b5 19300e              103 ST- 14
00b7 112                 104 2
00b8 19200f              105 ST+ 15
00ba 1cf06a              106 LBL E
00bc 187                 107 CLA
00bd 12d                 108 RCL 13
00be ......              109 ARCLINT
00c0 1f207f              110 >","
00c2 02c
00c3 190011              111 RCL 17
00c5 ......              112 ARCLINT
00c7 1f407f              113 >" O:"
00c9 02004f
00cb 03a
00cc 12e                 114 RCL 14
00cd ......              115 ARCLINT
00cf 1f407f              116 >" D:"
00d1 020044
00d3 03a
00d4 12f                 117 RCL 15
00d5 ......              118 ARCLINT
00d7 1f407f              119 >" d:"
00d9 020064
00db 03a
00dc 190010              120 RCL 16
00de ......              121 ARCLINT
00e0 17e                 122 AVIEW
00e1 189                 123 PSE
00e2 1f9041              124 "ATTACK HL"
00e4 054054
00e6 041043
00e8 04b020
00ea 04804c
00ec ......              125 KEYMENU
00ee 111                 126 1
00ef 141                 127 -
00f0 167                 128 X=0?
00f1 1a8005              129 SF 05
00f3 1f9044              130 "DEFEND HL"
00f5 045046
00f7 04504e
00f9 044020
00fb 04804c
00fd ......              131 KEYMENU
00ff 111                 132 1
0100 141                 133 -
0101 167                 134 X=0?
0102 1a8006              135 SF 06
0104 ......              136 XROM "D6"
0106 11301a              137 3.5
0108 015
0109 141                 138 -
010a 164                 139 X>0?
010b 1a8007              140 SF 07
010d ......              141 XROM "D6"
010f 11301a              142 3.5
0111 015
0112 141                 143 -
0113 164                 144 X>0?
0114 1a8008              145 SF 08
0116 1f8059              146 "YOU ATT "
0118 04f055
011a 020041
011c 054054
011e 020
011f 1ac005              147 FS? 05
0121 1f507f              148 >"HIGH"
0123 048049
0125 047048
0127 1ad005              149 FC? 05
0129 1f407f              150 >"LOW"
012b 04c04f
012d 057
012e 17e                 151 AVIEW
012f 189                 152 PSE
0130 1f804e              153 "NPC DEF "
0132 050043
0134 020044
0136 045046
0138 020
0139 1ac008              154 FS? 08
013b 1f507f              155 >"HIGH"
013d 048049
013f 047048
0141 1ad008              156 FC? 08
0143 1f407f              157 >"LOW"
0145 04c04f
0147 057
0148 17e                 158 AVIEW
0149 189                 159 PSE
014a 111013              160 13
014c ......              161 XROM "O6"
014e 12e                 162 RCL 14
014f 140                 163 +
0150 191017              164 STO 23
0152 ......              165 XROM "D6"
0154 190014              166 RCL 20
0156 140                 167 +
0157 1ad005              168 FC? 05
0159 1b8086              169 GTO 07
015b 1ac008              170 FS? 08
015d 111                 171 1
015e 1ac008              172 FS? 08
0160 140                 173 +
0161 108                 174 LBL 07
0162 1ad006              175 FC? 06
0164 1b9086              176 GTO 08
0166 1ac008              177 FS? 08
0168 111                 178 1
0169 1ac008              179 FS? 08
016b 140                 180 +
016c 109                 181 LBL 08
016d 190017              182 RCL 23
016f 171                 183 X<>Y
0170 141                 184 -
0171 111                 185 1
0172 141                 186 -
0173 1f5059              187 "YOU: "
0175 04f055
0177 03a020
0179 166                 188 X<0?
017a 1f407f              189 >"NO "
017c 04e04f
017e 020
017f 1f407f              190 >"HIT"
0181 048049
0183 054
0184 17e                 191 AVIEW
0185 189                 192 PSE
0186 166                 193 X<0?
0187 1ba0ab              194 GTO 09
0189 19f005              195 TONE 05
018b 114                 196 4
018c 141                 197 -
018d 164                 198 X>0?
018e 1e00cc              199 XEQ 73
0190 0c9
0191 ......              200 XROM "D6"
0193 190010              201 RCL 16
0195 140                 202 +
0196 1ac00a              203 FS? 10
0198 112                 204 2
0199 1aa00a              205 FS?C 10
019b 140                 206 +
019c 1f8044              207 "DAMAGE= "
019e 04104d
01a0 041047
01a2 04503d
01a4 020
01a5 ......              208 ARCLINT
01a7 17e                 209 AVIEW
01a8 189                 210 PSE
01a9 190016              211 RCL 22
01ab 141                 212 -
01ac 193012              213 ST- 18
01ae 190012              214 RCL 18
01b0 166                 215 X<0?
01b1 1e00bd              216 XEQ 75
01b3 0cb
01b4 10a                 217 LBL 09
01b5 1f804e              218 "NPC ATT "
01b7 050043
01b9 020041
01bb 054054
01bd 020
01be 1ac007              219 FS? 07
01c0 1f507f              220 >"HIGH"
01c2 048049
01c4 047048
01c6 1ad007              221 FC? 07
01c8 1f407f              222 >"LOW"
01ca 04c04f
01cc 057
01cd 17e                 223 AVIEW
01ce 189                 224 PSE
01cf 1f8059              225 "YOU DEF "
01d1 04f055
01d3 020044
01d5 045046
01d7 020
01d8 1ac006              226 FS? 06
01da 1f507f              227 >"HIGH"
01dc 048049
01de 047048
01e0 1ad006              228 FC? 06
01e2 1f407f              229 >"LOW"
01e4 04c04f
01e6 057
01e7 17e                 230 AVIEW
01e8 189                 231 PSE
01e9 111018              232 18
01eb ......              233 XROM "O6"
01ed 190013              234 RCL 19
01ef 140                 235 +
01f0 191017              236 STO 23
01f2 ......              237 XROM "D6"
01f4 12f                 238 RCL 15
01f5 140                 239 +
01f6 1ad007              240 FC? 07
01f8 1bb086              241 GTO 10
01fa 1ac006              242 FS? 06
01fc 111                 243 1
01fd 1ac006              244 FS? 06
01ff 140                 245 +
0200 10b                 246 LBL 10
0201 1ad006              247 FC? 06
0203 1bb086              248 GTO 10
0205 1ac006              249 FS? 06
0207 111                 250 1
0208 1ac006              251 FS? 06
020a 140                 252 +
020b 10b                 253 LBL 10
020c 190017              254 RCL 23
020e 171                 255 X<>Y
020f 141                 256 -
0210 111                 257 1
0211 141                 258 -
0212 1f504e              259 "NPC: "
0214 050043
0216 03a020
0218 166                 260 X<0?
0219 1f407f              261 >"NO "
021b 04e04f
021d 020
021e 1f407f              262 >"HIT"
0220 048049
0222 054
0223 17e                 263 AVIEW
0224 189                 264 PSE
0225 166                 265 X<0?
0226 1d006f              266 GTO 78
0228 0ce
0229 19f005              267 TONE 05
022b 114                 268 4
022c 141                 269 -
022d 164                 270 X>0?
022e 1e002c              271 XEQ 73
0230 0c9
0231 ......              272 XROM "D6"
0233 190015              273 RCL 21
0235 140                 274 +
0236 1ac00a              275 FS? 10
0238 112                 276 2
0239 1aa00a              277 FS?C 10
023b 140                 278 +
023c 1f8044              279 "DAMAGE= "
023e 04104d
0240 041047
0242 04503d
0244 020
0245 ......              280 ARCLINT
0247 17e                 281 AVIEW
0248 189                 282 PSE
0249 190011              283 RCL 17
024b 141                 284 -
024c 19300d              285 ST- 13
024e 12d                 286 RCL 13
024f 166                 287 X<0?
0250 1d005c              288 GTO 90
0252 0da
0253 1ac009              289 FS? 09
0255 1d0040              290 GTO 78
0257 0ce
0258 1d203c              291 GTO 00
025a 000
025b 1cf049              292 LBL 73
025d 1fc047              293 "GREAT STRIKE"
025f 052045
0261 041054
0263 020053
0265 054052
0267 04904b
0269 045
026a 17e                 294 AVIEW
026b 189                 295 PSE
026c 1a800a              296 SF 10
026e 185                 297 RTN
026f 1cf04b              298 LBL 75
0271 1a8009              299 SF 09
0273 1fd04e              300 "NPC: DEFEATED"
0275 050043
0277 03a020
0279 044045
027b 046045
027d 041054
027f 045044
0281 17e                 301 AVIEW
0282 189                 302 PSE
0283 111                 303 1
0284 192001              304 ST+ 01
0286 1fc04d              305 "MEANWHILE..."
0288 045041
028a 04e057
028c 048049
028e 04c045
0290 02e02e
0292 02e
0293 17e                 306 AVIEW
0294 189                 307 PSE
0295 185                 308 RTN
0296 1cf04e              309 LBL 78
0298 1ab009              310 FC?C 09
029a 1d207e              311 GTO 00
029c 000
029d 187                 312 CLA
029e 19b000              313 ARCL 00
02a0 1f507f              314 >" WON"
02a2 020057
02a4 04f04e
02a6 19f006              315 TONE 06
02a8 19f007              316 TONE 07
02aa 1d002f              317 GTO 92
02ac 0dc
02ad 1cf05a              318 LBL 90
02af 1fd059              319 "YOU: DEFEATED"
02b1 04f055
02b3 03a020
02b5 044045
02b7 046045
02b9 041054
02bb 045044
02bd 17e                 320 AVIEW
02be 19f003              321 TONE 03
02c0 19f002              322 TONE 02
02c2 189                 323 PSE
02c3 1aa002              324 FS?C 02
02c5 1d002e              325 GTO 99
02c7 0e3
02c8 111                 326 1
02c9 192002              327 ST+ 02
02cb 110                 328 0
02cc 1a606e              329 X<>F
02ce 1a8082              330 SF IND 02
02d0 187                 331 CLA
02d1 19b000              332 ARCL 00
02d3 1f607f              333 >" LOST"
02d5 02004c
02d7 04f053
02d9 054
02da 1cf05c              334 LBL 92
02dc 18e                 335 PROMPT
02dd 1cf05d              336 LBL 93
02df 1fa055              337 "UPGRADE PC"
02e1 050047
02e3 052041
02e5 044045
02e7 020050
02e9 043
02ea 17e                 338 AVIEW
02eb 189                 339 PSE
02ec 11d0f6              340 GTO "-UPGRD"
02ee 02d055
02f0 050047
02f2 052044
02f4 1cf063              341 LBL 99
02f6 1f2050              342 "PC"
02f8 043
02f9 1a605f              343 PURFL
02fb 187                 344 CLA
02fc 19b000              345 ARCL 00
02fe 1f707f              346 >" DIED."
0300 020044
0302 049045
0304 04402e
0306 19f003              347 TONE 03
0308 19f002              348 TONE 02
030a 19f001              349 TONE 01
030c 19f000              350 TONE 00
030e 189                 351 PSE
030f ......              352 XROM "-LEVEL"
0311 18a                 353 CLRG
0312 18e                 354 PROMPT
0313 1f9047              355 "GO AGAIN?"
0315 04f020
0317 041047
0319 041049
031b 04e03f
031d ......              356 YNTEST
031f 11d0f6              357 GTO "SWORDS"
0321 053057
0323 04f052
0325 044053
0327 1c0073              358 END
0329 22f

##########################
#                        #
# Memory sizes (decimal) #
#                        #
##########################

Executable      (Text): 812 words
