###############################################################################
#                                                                             #
# NutStudio RPN compiler for Nut, version 3.0.2         06/Mar/2018  01:28:32 #
#                                                                             #
# Command Line: -l -I../module-descriptor NSHOW.rpn                           #
#                                                                             #
###############################################################################

0000                    .section FAT
0000 ......             .fatrpn `-NSHOW`
0000                    .section RPN
0000 018220             ;; COPY header
0002 1c2001               01 LBL "-NSHOW"
0004 0f7000
0006 02d04e
0008 053048
000a 04f057
000c 1f804e               02 "NPC HAS:"
000e 050043
0010 020048
0012 041053
0014 03a
0015 17e                  03 AVIEW
0016 189                  04 PSE
0017 12c                  05 RCL 12
0018 1f804e               06 "NO ARMOR"
001a 04f020
001c 041052
001e 04d04f
0020 052
0021 111                  07 1
0022 141                  08 -
0023 167                  09 X=0?
0024 1f704c               10 "LEATHER"
0026 045041
0028 054048
002a 045052
002c 111                  11 1
002d 141                  12 -
002e 167                  13 X=0?
002f 1f6052               14 "RINGED"
0031 04904e
0033 047045
0035 044
0036 111                  15 1
0037 141                  16 -
0038 167                  17 X=0?
0039 1f5043               18 "CHAIN"
003b 048041
003d 04904e
003f 17e                  19 AVIEW
0040 189                  20 PSE
0041 12b                  21 RCL 11
0042 1f5055               22 "UNARM"
0044 04e041
0046 05204d
0048 111                  23 1
0049 141                  24 -
004a 167                  25 X=0?
004b 1f5032               26 "2*KNF"
004d 02a04b
004f 04e046
0051 111                  27 1
0052 141                  28 -
0053 167                  29 X=0?
0054 1f5053               30 "SPEAR"
0056 050045
0058 041052
005a 111                  31 1
005b 141                  32 -
005c 167                  33 X=0?
005d 1f5053               34 "SW&SH"
005f 057026
0061 053048
0063 111                  35 1
0064 141                  36 -
0065 167                  37 X=0?
0066 1f5047               38 "GRAXE"
0068 052041
006a 058045
006c 17e                  39 AVIEW
006d 189                  40 PSE
006e 1fb04e               41 "NORM. POWER"
0070 04f052
0072 04d02e
0074 020050
0076 04f057
0078 045052
007a 129                  42 RCL 09
007b 113                  43 3
007c 144                  44 X<Y?
007d 1f8050               45 "POWERFUL"
007f 04f057
0081 045052
0083 046055
0085 04c
0086 17e                  46 AVIEW
0087 189                  47 PSE
0088 1fb04e               48 "NORM. VIGOR"
008a 04f052
008c 04d02e
008e 020056
0090 049047
0092 04f052
0094 128                  49 RCL 08
0095 113                  50 3
0096 144                  51 X<Y?
0097 1f8056               52 "VIGOROUS"
0099 049047
009b 04f052
009d 04f055
009f 053
00a0 17e                  53 AVIEW
00a1 189                  54 PSE
00a2 1cc016               55 END
00a4 22f

##########################
#                        #
# Memory sizes (decimal) #
#                        #
##########################

Executable      (Text): 167 words
