###############################################################################
#                                                                             #
# NutStudio RPN compiler for Nut, version 3.0.2         11/Mar/2018  15:36:50 #
#                                                                             #
# Command Line: -l -I../module-descriptor O6.rpn                              #
#                                                                             #
###############################################################################

0000                    .section FAT
0000 ......             .fatrpn O6
0000                    .section RPN
0000 022230             ;; COPY header
0002 1c0001               01 LBL "O6"
0004 0f3000
0006 04f036
0008 191017               02 STO 23
000a ......               03 XROM "D6"
000c 111                  04 1
000d 178                  05 X=Y?
000e 1b70e4               06 GTO 06
0010 175                  07 RDN
0011 116                  08 6
0012 179                  09 X≠Y?
0013 185                  10 RTN
0014 113                  11 3
0015 ......               12 XROM "D6"
0017 145                  13 X>Y?
0018 1b3092               14 GTO 02
001a 171                  15 X<>Y
001b 175                  16 RDN
001c 1f9046               17 "FUMBLE: -"
001e 05504d
0020 04204c
0022 04503a
0024 02002d
0026 ......               18 ARCLINT
0028 141                  19 -
0029 17e                  20 AVIEW
002a 189                  21 PSE
002b 185                  22 RTN
002c 103                  23 LBL 02
002d 114                  24 4
002e 141                  25 -
002f 167                  26 X=0?
0030 1b4099               27 GTO 03
0032 111                  28 1
0033 141                  29 -
0034 167                  30 X=0?
0035 1b50a4               31 GTO 04
0037 114                  32 4
0038 192017               33 ST+ 23
003a 111                  34 1
003b 193097               35 ST- IND 23
003d 1fa04c               36 "LOSE ARMOR"
003f 04f053
0041 045020
0043 041052
0045 04d04f
0047 052
0048 189                  37 PSE
0049 17e                  38 AVIEW
004a 185                  39 RTN
004b 104                  40 LBL 03
004c 111                  41 1
004d 193097               42 ST- IND 23
004f 1f8046               43 "FATIGUED"
0051 041054
0053 049047
0055 055045
0057 044
0058 189                  44 PSE
0059 17e                  45 AVIEW
005a 185                  46 RTN
005b 105                  47 LBL 04
005c 111                  48 1
005d 192017               49 ST+ 23
005f 193097               50 ST- IND 23
0061 192017               51 ST+ 23
0063 193097               52 ST- IND 23
0065 1fb050               53 "PULL MUSCLE"
0067 05504c
0069 04c020
006b 04d055
006d 053043
006f 04c045
0071 189                  54 PSE
0072 17e                  55 AVIEW
0073 185                  56 RTN
0074 107                  57 LBL 06
0075 113                  58 3
0076 ......               59 XROM "D6"
0078 145                  60 X>Y?
0079 1b8096               61 GTO 07
007b 171                  62 X<>Y
007c 175                  63 RDN
007d 1fb043               64 "CRITICAL: +"
007f 052049
0081 054049
0083 043041
0085 04c03a
0087 02002b
0089 ......               65 ARCLINT
008b 140                  66 +
008c 17e                  67 AVIEW
008d 189                  68 PSE
008e 1a800a               69 SF 10
0090 185                  70 RTN
0091 108                  71 LBL 07
0092 114                  72 4
0093 141                  73 -
0094 167                  74 X=0?
0095 1b9098               75 GTO 08
0097 111                  76 1
0098 141                  77 -
0099 167                  78 X=0?
009a 1ba0a6               79 GTO 09
009c 113                  80 3
009d 192017               81 ST+ 23
009f 111                  82 1
00a0 192097               83 ST+ IND 23
00a2 1f9045               84 "EMPOWERED"
00a4 04d050
00a6 04f057
00a8 045052
00aa 045044
00ac 189                  85 PSE
00ad 17e                  86 AVIEW
00ae 185                  87 RTN
00af 109                  88 LBL 08
00b0 111                  89 1
00b1 192097               90 ST+ IND 23
00b3 1fb049               91 "INVIGORATED"
00b5 04e056
00b7 049047
00b9 04f052
00bb 041054
00bd 045044
00bf 189                  92 PSE
00c0 17e                  93 AVIEW
00c1 185                  94 RTN
00c2 10a                  95 LBL 09
00c3 112                  96 2
00c4 192017               97 ST+ 23
00c6 111                  98 1
00c7 192097               99 ST+ IND 23
00c9 1f904d              100 "MOTIVATED"
00cb 04f054
00cd 049056
00cf 041054
00d1 045044
00d3 189                 101 PSE
00d4 17e                 102 AVIEW
00d5 185                 103 RTN
00d6 105                 104 LBL 04
00d7 111                 105 1
00d8 192017              106 ST+ 23
00da 192097              107 ST+ IND 23
00dc 192017              108 ST+ 23
00de 192097              109 ST+ IND 23
00e0 1f6052              110 "RUSHED"
00e2 055053
00e4 048045
00e6 044
00e7 189                 111 PSE
00e8 17e                 112 AVIEW
00e9 1c0021              113 END
00eb 22f

##########################
#                        #
# Memory sizes (decimal) #
#                        #
##########################

Executable      (Text): 238 words
